<?xml version="1.0" encoding="UTF-8"?>
<!-- Generated by org.testng.reporters.JUnitReportReporter -->
<testsuite hostname="PRITI-PC" failures="0" tests="4" name="APITestClasses.Smoke" time="18.160" errors="0" timestamp="2022-04-17T19:54:57 IST" skipped="0">
  <testcase classname="APITestClasses.Smoke" name="smokeCO" time="1.266"/>
  <system-out/>
  <testcase classname="APITestClasses.Smoke" name="smokeCO" time="14.399"/>
  <system-out/>
  <testcase classname="APITestClasses.Smoke" name="smokeCO2" time="1.255"/>
  <system-out/>
  <testcase classname="APITestClasses.Smoke" name="smokeCO2" time="1.240"/>
  <system-out/>
</testsuite> <!-- APITestClasses.Smoke -->
