<?xml version="1.0" encoding="UTF-8"?>
<!-- Generated by org.testng.reporters.JUnitReportReporter -->
<testsuite hostname="PRITI-PC" failures="0" tests="2" name="APITestClasses.MotionTest" time="2.546" errors="0" timestamp="2022-04-17T19:54:57 IST" skipped="0">
  <testcase classname="APITestClasses.MotionTest" name="MotionTest" time="1.238"/>
  <system-out/>
  <testcase classname="APITestClasses.MotionTest" name="MotionTest" time="1.308"/>
  <system-out/>
</testsuite> <!-- APITestClasses.MotionTest -->
