<?xml version="1.0" encoding="UTF-8"?>
<!-- Generated by org.testng.reporters.JUnitReportReporter -->
<testsuite hostname="PRITI-PC" failures="0" tests="4" name="APITestClasses.HouseTemp" time="4.972" errors="0" timestamp="2022-04-17T19:54:57 IST" skipped="0">
  <testcase classname="APITestClasses.HouseTemp" name="houseTempTest" time="1.211"/>
  <system-out/>
  <testcase classname="APITestClasses.HouseTemp" name="houseTempTest" time="1.313"/>
  <system-out/>
  <testcase classname="APITestClasses.HouseTemp" name="houseTempTest" time="1.195"/>
  <system-out/>
  <testcase classname="APITestClasses.HouseTemp" name="houseTempTest" time="1.253"/>
  <system-out/>
</testsuite> <!-- APITestClasses.HouseTemp -->
