<?xml version="1.0" encoding="UTF-8"?>
<!-- Generated by org.testng.reporters.JUnitReportReporter -->
<testsuite hostname="PRITI-PC" failures="0" tests="1" name="Tranquility.Embrace.EditSensor" time="27.530" errors="0" timestamp="2022-04-25T09:42:21 IST" skipped="0">
  <testcase classname="Tranquility.Embrace.EditSensor" name="editsensor" time="27.530"/>
  <system-out/>
</testsuite> <!-- Tranquility.Embrace.EditSensor -->
