<?xml version="1.0" encoding="UTF-8"?>
<!-- Generated by org.testng.reporters.JUnitReportReporter -->
<testsuite hostname="PRITI-PC" failures="0" tests="5" name="Tranquility.Embrace.CreateUser" time="32.448" errors="0" timestamp="2022-04-18T16:58:03 IST" skipped="0">
  <testcase classname="Tranquility.Embrace.CreateUser" name="invalidFirstname" time="4.518"/>
  <system-out/>
  <testcase classname="Tranquility.Embrace.CreateUser" name="invalidemail" time="4.392"/>
  <system-out/>
  <testcase classname="Tranquility.Embrace.CreateUser" name="invalidconfirmemail" time="7.560"/>
  <system-out/>
  <testcase classname="Tranquility.Embrace.CreateUser" name="alreayExistsEmail" time="8.079"/>
  <system-out/>
  <testcase classname="Tranquility.Embrace.CreateUser" name="emptyPassword" time="7.899"/>
  <system-out/>
</testsuite> <!-- Tranquility.Embrace.CreateUser -->
