<?xml version="1.0" encoding="UTF-8"?>
<!-- Generated by org.testng.reporters.JUnitReportReporter -->
<testsuite hostname="PRITI-PC" failures="0" tests="2" name="APITestClasses.PanicButton" time="2.490" errors="0" timestamp="2022-04-17T19:54:57 IST" skipped="0">
  <testcase classname="APITestClasses.PanicButton" name="panicButtonTest" time="1.255"/>
  <system-out/>
  <testcase classname="APITestClasses.PanicButton" name="panicButtonTest" time="1.235"/>
  <system-out/>
</testsuite> <!-- APITestClasses.PanicButton -->
