<?xml version="1.0" encoding="UTF-8"?>
<!-- Generated by org.testng.reporters.JUnitReportReporter -->
<testsuite hostname="PRITI-PC" failures="0" tests="3" name="Tranquility.Embrace.login" time="18.702" errors="0" timestamp="2022-04-25T09:42:21 IST" skipped="0">
  <testcase classname="Tranquility.Embrace.login" name="Vadlidlogin" time="12.606"/>
  <system-out/>
  <testcase classname="Tranquility.Embrace.login" name="NhLogin" time="4.080"/>
  <system-out/>
  <testcase classname="Tranquility.Embrace.login" name="InValidlogin" time="2.016"/>
  <system-out/>
</testsuite> <!-- Tranquility.Embrace.login -->
