<?xml version="1.0" encoding="UTF-8"?>
<!-- Generated by org.testng.reporters.JUnitReportReporter -->
<testsuite hostname="PRITI-PC" failures="0" tests="1" name="APITestClasses.FallDetected" time="1.604" errors="0" timestamp="2022-04-17T19:54:57 IST" skipped="0">
  <testcase classname="APITestClasses.FallDetected" name="fall" time="1.604"/>
  <system-out/>
</testsuite> <!-- APITestClasses.FallDetected -->
