<?xml version="1.0" encoding="UTF-8"?>
<!-- Generated by org.testng.reporters.JUnitReportReporter -->
<testsuite hostname="PRITI-PC" failures="0" tests="2" name="APITestClasses.MotionTest" time="12.012" errors="0" timestamp="2022-04-16T18:23:00 IST" skipped="0">
  <testcase classname="APITestClasses.MotionTest" name="MotionTest" time="10.754"/>
  <system-out/>
  <testcase classname="APITestClasses.MotionTest" name="MotionTest" time="1.258"/>
  <system-out/>
</testsuite> <!-- APITestClasses.MotionTest -->
