<?xml version="1.0" encoding="UTF-8"?>
<!-- Generated by org.testng.reporters.JUnitReportReporter -->
<testsuite hostname="PRITI-PC" failures="0" tests="5" name="Tranquility.Embrace.CreateUser" time="30.945" errors="0" timestamp="2022-04-26T20:16:59 IST" skipped="0">
  <testcase classname="Tranquility.Embrace.CreateUser" name="invalidFirstname" time="3.847"/>
  <system-out/>
  <testcase classname="Tranquility.Embrace.CreateUser" name="invalidemail" time="3.176"/>
  <system-out/>
  <testcase classname="Tranquility.Embrace.CreateUser" name="invalidconfirmemail" time="7.901"/>
  <system-out/>
  <testcase classname="Tranquility.Embrace.CreateUser" name="alreayExistsEmail" time="8.198"/>
  <system-out/>
  <testcase classname="Tranquility.Embrace.CreateUser" name="emptyPassword" time="7.823"/>
  <system-out/>
</testsuite> <!-- Tranquility.Embrace.CreateUser -->
