<?xml version="1.0" encoding="UTF-8"?>
<!-- Generated by org.testng.reporters.JUnitReportReporter -->
<testsuite hostname="PRITI-PC" failures="0" tests="2" name="Tranquility.Embrace.login" time="18.673" errors="0" timestamp="2022-04-26T20:03:14 IST" skipped="0">
  <testcase classname="Tranquility.Embrace.login" name="Vadlidlogin" time="14.273"/>
  <system-out/>
  <testcase classname="Tranquility.Embrace.login" name="NhLogin" time="4.400"/>
  <system-out/>
</testsuite> <!-- Tranquility.Embrace.login -->
