<?xml version="1.0" encoding="UTF-8"?>
<!-- Generated by org.testng.reporters.JUnitReportReporter -->
<testsuite hostname="PRITI-PC" failures="0" tests="1" name="Tranquility.Embrace.EditSensor" time="52.398" errors="0" timestamp="2022-04-26T20:03:14 IST" skipped="0">
  <testcase classname="Tranquility.Embrace.EditSensor" name="editsensor" time="52.398"/>
  <system-out/>
</testsuite> <!-- Tranquility.Embrace.EditSensor -->
